\BOOKMARK [1][-]{section*.2}{\376\377\173\046\123\367\210\150}{}% 1
\BOOKMARK [1][-]{section.1}{\376\377\167\342\221\317\122\006\147\220}{}% 2
\BOOKMARK [2][-]{subsection.1.1}{\376\377\133\232\116\111}{section.1}% 3
\BOOKMARK [2][-]{subsection.1.2}{\376\377\137\256\122\006\217\320\173\227}{section.1}% 4
\BOOKMARK [3][-]{subsubsection.1.2.1}{\376\377\124\214\211\304\122\031}{subsection.1.2}% 5
\BOOKMARK [3][-]{subsubsection.1.2.2}{\376\377\171\357\211\304\122\031}{subsection.1.2}% 6
\BOOKMARK [3][-]{subsubsection.1.2.3}{\376\377\116\214\226\066\171\357\211\304\122\031}{subsection.1.2}% 7
\BOOKMARK [2][-]{subsection.1.3}{\376\377\171\357\122\006\217\320\173\227}{section.1}% 8
\BOOKMARK [3][-]{subsubsection.1.3.1}{\376\377\232\330\145\257\133\232\164\006}{subsection.1.3}% 9
\BOOKMARK [3][-]{subsubsection.1.3.2}{\376\377\145\257\142\130\121\113\145\257\133\232\164\006}{subsection.1.3}% 10
\BOOKMARK [2][-]{subsection.1.4}{\376\377\146\362\227\142\127\120\150\007\174\373}{section.1}% 11
\BOOKMARK [3][-]{subsubsection.1.4.1}{\376\377\147\361\127\120\150\007\174\373}{subsection.1.4}% 12
\BOOKMARK [3][-]{subsubsection.1.4.2}{\376\377\164\003\127\120\150\007\174\373}{subsection.1.4}% 13
\BOOKMARK [2][-]{subsection.1.5}{\376\377\162\304\142\311\121\113\121\375\145\160\116\016\226\066\215\303\121\375\145\160}{section.1}% 14
\BOOKMARK [3][-]{subsubsection.1.5.1}{\376\377\162\304\142\311\121\113\121\375\145\160}{subsection.1.5}% 15
\BOOKMARK [3][-]{subsubsection.1.5.2}{\376\377\226\066\215\303\121\375\145\160}{subsection.1.5}% 16
\BOOKMARK [2][-]{subsection.1.6}{\376\377\226\066\215\303\121\375\145\160\166\204\133\374\145\160}{section.1}% 17
\BOOKMARK [3][-]{subsubsection.1.6.1}{\376\377\131\032\176\364\162\304\142\311\121\113\121\375\145\160}{subsection.1.6}% 18
\BOOKMARK [2][-]{subsection.1.7}{\376\377\167\342\221\317\127\072\164\006\213\272}{section.1}% 19
\BOOKMARK [3][-]{subsubsection.1.7.1}{\376\377\116\245\131\306\227\015\121\171\133\232\164\006}{subsection.1.7}% 20
\BOOKMARK [3][-]{subsubsection.1.7.2}{\376\377\122\277\121\375\145\160}{subsection.1.7}% 21
\BOOKMARK [2][-]{subsection.1.8}{\376\377\116\140\230\230}{section.1}% 22
\BOOKMARK [1][-]{section.2}{\376\377\227\131\165\065\133\146}{}% 23
\BOOKMARK [2][-]{subsection.2.1}{\376\377\165\065\127\072}{section.2}% 24
\BOOKMARK [2][-]{subsection.2.2}{\376\377\165\065\122\277}{section.2}% 25
\BOOKMARK [2][-]{subsection.2.3}{\376\377\227\131\165\065\127\072\166\204\200\375\221\317}{section.2}% 26
\BOOKMARK [2][-]{subsection.2.4}{\376\377\133\374\117\123}{section.2}% 27
\BOOKMARK [2][-]{subsection.2.5}{\376\377\165\065\133\271}{section.2}% 28
\BOOKMARK [2][-]{subsection.2.6}{\376\377\142\311\146\156\142\311\145\257\145\271\172\013}{section.2}% 29
\BOOKMARK [2][-]{subsection.2.7}{\376\377\225\134\120\317\154\325}{section.2}% 30
\BOOKMARK [2][-]{subsection.2.8}{\376\377\122\006\171\273\123\330\221\317\154\325}{section.2}% 31
\BOOKMARK [3][-]{subsubsection.2.8.1}{\376\377\166\364\211\322\127\120\150\007\174\373}{subsection.2.8}% 32
\BOOKMARK [3][-]{subsubsection.2.8.2}{\376\377\164\003\127\120\150\007\174\373}{subsection.2.8}% 33
\BOOKMARK [3][-]{subsubsection.2.8.3}{\376\377\147\361\127\120\150\007\174\373}{subsection.2.8}% 34
\BOOKMARK [3][-]{subsubsection.2.8.4}{\376\377\122\322\213\251\137\267\131\032\230\171\137\017\140\047\215\050\166\204\213\301\146\016}{subsection.2.8}% 35
\BOOKMARK [2][-]{subsection.2.9}{\376\377\131\032\147\201\134\125\137\000}{section.2}% 36
\BOOKMARK [3][-]{subsubsection.2.9.1}{\376\377\123\125\147\201\230\171}{subsection.2.9}% 37
\BOOKMARK [3][-]{subsubsection.2.9.2}{\376\377\120\166\147\201\230\171}{subsection.2.9}% 38
\BOOKMARK [3][-]{subsubsection.2.9.3}{\376\377\126\333\147\201\230\171}{subsection.2.9}% 39
\BOOKMARK [3][-]{subsubsection.2.9.4}{\376\377\126\333\147\201\167\351\167\351\226\065\166\204\143\250\133\374}{subsection.2.9}% 40
\BOOKMARK [2][-]{subsection.2.10}{\376\377\000G\000r\000e\000e\000n\000\040\116\222\146\023\133\232\164\006}{section.2}% 41
\BOOKMARK [2][-]{subsection.2.11}{\376\377\116\140\230\230}{section.2}% 42
\BOOKMARK [1][-]{section.3}{\376\377\162\151\215\050\116\055\166\204\165\065\127\072}{}% 43
\BOOKMARK [2][-]{subsection.3.1}{\376\377\147\201\123\026}{section.3}% 44
\BOOKMARK [3][-]{subsubsection.3.1.1}{\376\377\165\065\116\313\215\050}{subsection.3.1}% 45
